2024-03-06 14:46:38,625 [restartedMain] INFO  com.example.simple.BadmintonApplication       : Starting BadmintonApplication using Java 17.0.8.1 with PID 6172 (C:\Users\EE212845\Desktop\Microservices\Badminton(Updated)\Badminton2\target\classes started by EE212845 in C:\Users\EE212845\Desktop\Microservices\Badminton(Updated)\Badminton2)
2024-03-06 14:46:38,632 [restartedMain] INFO  com.example.simple.BadmintonApplication       : No active profile set, falling back to 1 default profile: "default"
2024-03-06 14:46:38,674 [restartedMain] INFO  o.s.b.d.e.DevToolsPropertyDefaultsPostProcessor : Devtools property defaults active! Set 'spring.devtools.add-properties' to 'false' to disable
2024-03-06 14:46:38,675 [restartedMain] INFO  o.s.b.d.e.DevToolsPropertyDefaultsPostProcessor : For additional web related logging consider setting the 'logging.level.web' property to 'DEBUG'
2024-03-06 14:46:39,291 [restartedMain] INFO  o.s.d.r.c.RepositoryConfigurationDelegate     : Multiple Spring Data modules found, entering strict repository configuration mode
2024-03-06 14:46:39,292 [restartedMain] INFO  o.s.d.r.c.RepositoryConfigurationDelegate     : Bootstrapping Spring Data JDBC repositories in DEFAULT mode.
2024-03-06 14:46:39,318 [restartedMain] INFO  o.s.d.r.c.RepositoryConfigurationExtensionSupport : Spring Data JDBC - Could not safely identify store assignment for repository candidate interface com.example.simple.repository.Mathchdetailsrepo; If you want this repository to be a JDBC repository, consider annotating your entities with one of these annotations: org.springframework.data.relational.core.mapping.Table.
2024-03-06 14:46:39,323 [restartedMain] INFO  o.s.d.r.c.RepositoryConfigurationExtensionSupport : Spring Data JDBC - Could not safely identify store assignment for repository candidate interface com.example.simple.repository.Payment_details_repo; If you want this repository to be a JDBC repository, consider annotating your entities with one of these annotations: org.springframework.data.relational.core.mapping.Table.
2024-03-06 14:46:39,328 [restartedMain] INFO  o.s.d.r.c.RepositoryConfigurationExtensionSupport : Spring Data JDBC - Could not safely identify store assignment for repository candidate interface com.example.simple.repository.Player_details_repo; If you want this repository to be a JDBC repository, consider annotating your entities with one of these annotations: org.springframework.data.relational.core.mapping.Table.
2024-03-06 14:46:39,330 [restartedMain] INFO  o.s.d.r.c.RepositoryConfigurationExtensionSupport : Spring Data JDBC - Could not safely identify store assignment for repository candidate interface com.example.simple.repository.UserRepository; If you want this repository to be a JDBC repository, consider annotating your entities with one of these annotations: org.springframework.data.relational.core.mapping.Table.
2024-03-06 14:46:39,332 [restartedMain] INFO  o.s.d.r.c.RepositoryConfigurationDelegate     : Finished Spring Data repository scanning in 36 ms. Found 0 JDBC repository interfaces.
2024-03-06 14:46:39,341 [restartedMain] INFO  o.s.d.r.c.RepositoryConfigurationDelegate     : Multiple Spring Data modules found, entering strict repository configuration mode
2024-03-06 14:46:39,342 [restartedMain] INFO  o.s.d.r.c.RepositoryConfigurationDelegate     : Bootstrapping Spring Data JPA repositories in DEFAULT mode.
2024-03-06 14:46:39,373 [restartedMain] INFO  o.s.d.r.c.RepositoryConfigurationDelegate     : Finished Spring Data repository scanning in 28 ms. Found 4 JPA repository interfaces.
2024-03-06 14:46:39,569 [restartedMain] INFO  o.s.c.s.PostProcessorRegistrationDelegate$BeanPostProcessorChecker : Bean 'org.springframework.ws.config.annotation.DelegatingWsConfiguration' of type [org.springframework.ws.config.annotation.DelegatingWsConfiguration$$SpringCGLIB$$0] is not eligible for getting processed by all BeanPostProcessors (for example: not eligible for auto-proxying)
2024-03-06 14:46:39,601 [restartedMain] INFO  o.s.w.s.a.s.AnnotationActionEndpointMapping   : Supporting [WS-Addressing August 2004, WS-Addressing 1.0]
2024-03-06 14:46:39,911 [restartedMain] INFO  o.s.b.w.embedded.tomcat.TomcatWebServer       : Tomcat initialized with port(s): 8080 (http)
2024-03-06 14:46:39,919 [restartedMain] INFO  o.apache.catalina.core.StandardService        : Starting service [Tomcat]
2024-03-06 14:46:39,920 [restartedMain] INFO  org.apache.catalina.core.StandardEngine       : Starting Servlet engine: [Apache Tomcat/10.1.5]
2024-03-06 14:46:40,031 [restartedMain] INFO  org.apache.jasper.servlet.TldScanner          : At least one JAR was scanned for TLDs yet contained no TLDs. Enable debug logging for this logger for a complete list of JARs that were scanned but no TLDs were found in them. Skipping unneeded JARs during scanning can improve startup time and JSP compilation time.
2024-03-06 14:46:40,035 [restartedMain] INFO  o.a.c.c.C.[Tomcat].[localhost].[/]            : Initializing Spring embedded WebApplicationContext
2024-03-06 14:46:40,035 [restartedMain] INFO  o.s.b.w.s.c.ServletWebServerApplicationContext : Root WebApplicationContext: initialization completed in 1359 ms
2024-03-06 14:46:40,159 [restartedMain] INFO  o.hibernate.jpa.internal.util.LogHelper       : HHH000204: Processing PersistenceUnitInfo [name: default]
2024-03-06 14:46:40,211 [restartedMain] INFO  org.hibernate.Version                         : HHH000412: Hibernate ORM core version 6.1.7.Final
2024-03-06 14:46:40,433 [restartedMain] INFO  com.zaxxer.hikari.HikariDataSource            : HikariPool-1 - Starting...
2024-03-06 14:46:41,671 [restartedMain] ERROR com.zaxxer.hikari.pool.HikariPool             : HikariPool-1 - Exception during pool initialization.
java.sql.SQLException: Access denied for user 'root'@'localhost' (using password: YES)
	at com.mysql.cj.jdbc.exceptions.SQLError.createSQLException(SQLError.java:129)
	at com.mysql.cj.jdbc.exceptions.SQLExceptionsMapping.translateException(SQLExceptionsMapping.java:122)
	at com.mysql.cj.jdbc.ConnectionImpl.createNewIO(ConnectionImpl.java:824)
	at com.mysql.cj.jdbc.ConnectionImpl.<init>(ConnectionImpl.java:444)
	at com.mysql.cj.jdbc.ConnectionImpl.getInstance(ConnectionImpl.java:237)
	at com.mysql.cj.jdbc.NonRegisteringDriver.connect(NonRegisteringDriver.java:198)
	at com.zaxxer.hikari.util.DriverDataSource.getConnection(DriverDataSource.java:138)
	at com.zaxxer.hikari.pool.PoolBase.newConnection(PoolBase.java:359)
	at com.zaxxer.hikari.pool.PoolBase.newPoolEntry(PoolBase.java:201)
	at com.zaxxer.hikari.pool.HikariPool.createPoolEntry(HikariPool.java:470)
	at com.zaxxer.hikari.pool.HikariPool.checkFailFast(HikariPool.java:561)
	at com.zaxxer.hikari.pool.HikariPool.<init>(HikariPool.java:100)
	at com.zaxxer.hikari.HikariDataSource.getConnection(HikariDataSource.java:112)
	at org.hibernate.engine.jdbc.connections.internal.DatasourceConnectionProviderImpl.getConnection(DatasourceConnectionProviderImpl.java:122)
	at org.hibernate.engine.jdbc.env.internal.JdbcEnvironmentInitiator$ConnectionProviderJdbcConnectionAccess.obtainConnection(JdbcEnvironmentInitiator.java:284)
	at org.hibernate.engine.jdbc.env.internal.JdbcEnvironmentInitiator.initiateService(JdbcEnvironmentInitiator.java:177)
	at org.hibernate.engine.jdbc.env.internal.JdbcEnvironmentInitiator.initiateService(JdbcEnvironmentInitiator.java:36)
	at org.hibernate.boot.registry.internal.StandardServiceRegistryImpl.initiateService(StandardServiceRegistryImpl.java:119)
	at org.hibernate.service.internal.AbstractServiceRegistryImpl.createService(AbstractServiceRegistryImpl.java:255)
	at org.hibernate.service.internal.AbstractServiceRegistryImpl.initializeService(AbstractServiceRegistryImpl.java:230)
	at org.hibernate.service.internal.AbstractServiceRegistryImpl.getService(AbstractServiceRegistryImpl.java:207)
	at org.hibernate.boot.model.relational.Database.<init>(Database.java:44)
	at org.hibernate.boot.internal.InFlightMetadataCollectorImpl.getDatabase(InFlightMetadataCollectorImpl.java:218)
	at org.hibernate.boot.internal.InFlightMetadataCollectorImpl.<init>(InFlightMetadataCollectorImpl.java:191)
	at org.hibernate.boot.model.process.spi.MetadataBuildingProcess.complete(MetadataBuildingProcess.java:138)
	at org.hibernate.jpa.boot.internal.EntityManagerFactoryBuilderImpl.metadata(EntityManagerFactoryBuilderImpl.java:1348)
	at org.hibernate.jpa.boot.internal.EntityManagerFactoryBuilderImpl.build(EntityManagerFactoryBuilderImpl.java:1419)
	at org.springframework.orm.jpa.vendor.SpringHibernateJpaPersistenceProvider.createContainerEntityManagerFactory(SpringHibernateJpaPersistenceProvider.java:66)
	at org.springframework.orm.jpa.LocalContainerEntityManagerFactoryBean.createNativeEntityManagerFactory(LocalContainerEntityManagerFactoryBean.java:376)
	at org.springframework.orm.jpa.AbstractEntityManagerFactoryBean.buildNativeEntityManagerFactory(AbstractEntityManagerFactoryBean.java:409)
	at org.springframework.orm.jpa.AbstractEntityManagerFactoryBean.afterPropertiesSet(AbstractEntityManagerFactoryBean.java:396)
	at org.springframework.orm.jpa.LocalContainerEntityManagerFactoryBean.afterPropertiesSet(LocalContainerEntityManagerFactoryBean.java:352)
	at org.springframework.beans.factory.support.AbstractAutowireCapableBeanFactory.invokeInitMethods(AbstractAutowireCapableBeanFactory.java:1798)
	at org.springframework.beans.factory.support.AbstractAutowireCapableBeanFactory.initializeBean(AbstractAutowireCapableBeanFactory.java:1748)
	at org.springframework.beans.factory.support.AbstractAutowireCapableBeanFactory.doCreateBean(AbstractAutowireCapableBeanFactory.java:600)
	at org.springframework.beans.factory.support.AbstractAutowireCapableBeanFactory.createBean(AbstractAutowireCapableBeanFactory.java:522)
	at org.springframework.beans.factory.support.AbstractBeanFactory.lambda$doGetBean$0(AbstractBeanFactory.java:326)
	at org.springframework.beans.factory.support.DefaultSingletonBeanRegistry.getSingleton(DefaultSingletonBeanRegistry.java:234)
	at org.springframework.beans.factory.support.AbstractBeanFactory.doGetBean(AbstractBeanFactory.java:324)
	at org.springframework.beans.factory.support.AbstractBeanFactory.getBean(AbstractBeanFactory.java:200)
	at org.springframework.context.support.AbstractApplicationContext.getBean(AbstractApplicationContext.java:1132)
	at org.springframework.context.support.AbstractApplicationContext.finishBeanFactoryInitialization(AbstractApplicationContext.java:907)
	at org.springframework.context.support.AbstractApplicationContext.refresh(AbstractApplicationContext.java:584)
	at org.springframework.boot.web.servlet.context.ServletWebServerApplicationContext.refresh(ServletWebServerApplicationContext.java:146)
	at org.springframework.boot.SpringApplication.refresh(SpringApplication.java:732)
	at org.springframework.boot.SpringApplication.refreshContext(SpringApplication.java:434)
	at org.springframework.boot.SpringApplication.run(SpringApplication.java:310)
	at org.springframework.boot.SpringApplication.run(SpringApplication.java:1304)
	at org.springframework.boot.SpringApplication.run(SpringApplication.java:1293)
	at com.example.simple.BadmintonApplication.main(BadmintonApplication.java:10)
	at java.base/jdk.internal.reflect.NativeMethodAccessorImpl.invoke0(Native Method)
	at java.base/jdk.internal.reflect.NativeMethodAccessorImpl.invoke(NativeMethodAccessorImpl.java:77)
	at java.base/jdk.internal.reflect.DelegatingMethodAccessorImpl.invoke(DelegatingMethodAccessorImpl.java:43)
	at java.base/java.lang.reflect.Method.invoke(Method.java:568)
	at org.springframework.boot.devtools.restart.RestartLauncher.run(RestartLauncher.java:49)
2024-03-06 14:46:41,677 [restartedMain] WARN  o.h.e.j.e.i.JdbcEnvironmentInitiator          : HHH000342: Could not obtain connection to query metadata
java.sql.SQLException: Access denied for user 'root'@'localhost' (using password: YES)
	at com.mysql.cj.jdbc.exceptions.SQLError.createSQLException(SQLError.java:129)
	at com.mysql.cj.jdbc.exceptions.SQLExceptionsMapping.translateException(SQLExceptionsMapping.java:122)
	at com.mysql.cj.jdbc.ConnectionImpl.createNewIO(ConnectionImpl.java:824)
	at com.mysql.cj.jdbc.ConnectionImpl.<init>(ConnectionImpl.java:444)
	at com.mysql.cj.jdbc.ConnectionImpl.getInstance(ConnectionImpl.java:237)
	at com.mysql.cj.jdbc.NonRegisteringDriver.connect(NonRegisteringDriver.java:198)
	at com.zaxxer.hikari.util.DriverDataSource.getConnection(DriverDataSource.java:138)
	at com.zaxxer.hikari.pool.PoolBase.newConnection(PoolBase.java:359)
	at com.zaxxer.hikari.pool.PoolBase.newPoolEntry(PoolBase.java:201)
	at com.zaxxer.hikari.pool.HikariPool.createPoolEntry(HikariPool.java:470)
	at com.zaxxer.hikari.pool.HikariPool.checkFailFast(HikariPool.java:561)
	at com.zaxxer.hikari.pool.HikariPool.<init>(HikariPool.java:100)
	at com.zaxxer.hikari.HikariDataSource.getConnection(HikariDataSource.java:112)
	at org.hibernate.engine.jdbc.connections.internal.DatasourceConnectionProviderImpl.getConnection(DatasourceConnectionProviderImpl.java:122)
	at org.hibernate.engine.jdbc.env.internal.JdbcEnvironmentInitiator$ConnectionProviderJdbcConnectionAccess.obtainConnection(JdbcEnvironmentInitiator.java:284)
	at org.hibernate.engine.jdbc.env.internal.JdbcEnvironmentInitiator.initiateService(JdbcEnvironmentInitiator.java:177)
	at org.hibernate.engine.jdbc.env.internal.JdbcEnvironmentInitiator.initiateService(JdbcEnvironmentInitiator.java:36)
	at org.hibernate.boot.registry.internal.StandardServiceRegistryImpl.initiateService(StandardServiceRegistryImpl.java:119)
	at org.hibernate.service.internal.AbstractServiceRegistryImpl.createService(AbstractServiceRegistryImpl.java:255)
	at org.hibernate.service.internal.AbstractServiceRegistryImpl.initializeService(AbstractServiceRegistryImpl.java:230)
	at org.hibernate.service.internal.AbstractServiceRegistryImpl.getService(AbstractServiceRegistryImpl.java:207)
	at org.hibernate.boot.model.relational.Database.<init>(Database.java:44)
	at org.hibernate.boot.internal.InFlightMetadataCollectorImpl.getDatabase(InFlightMetadataCollectorImpl.java:218)
	at org.hibernate.boot.internal.InFlightMetadataCollectorImpl.<init>(InFlightMetadataCollectorImpl.java:191)
	at org.hibernate.boot.model.process.spi.MetadataBuildingProcess.complete(MetadataBuildingProcess.java:138)
	at org.hibernate.jpa.boot.internal.EntityManagerFactoryBuilderImpl.metadata(EntityManagerFactoryBuilderImpl.java:1348)
	at org.hibernate.jpa.boot.internal.EntityManagerFactoryBuilderImpl.build(EntityManagerFactoryBuilderImpl.java:1419)
	at org.springframework.orm.jpa.vendor.SpringHibernateJpaPersistenceProvider.createContainerEntityManagerFactory(SpringHibernateJpaPersistenceProvider.java:66)
	at org.springframework.orm.jpa.LocalContainerEntityManagerFactoryBean.createNativeEntityManagerFactory(LocalContainerEntityManagerFactoryBean.java:376)
	at org.springframework.orm.jpa.AbstractEntityManagerFactoryBean.buildNativeEntityManagerFactory(AbstractEntityManagerFactoryBean.java:409)
	at org.springframework.orm.jpa.AbstractEntityManagerFactoryBean.afterPropertiesSet(AbstractEntityManagerFactoryBean.java:396)
	at org.springframework.orm.jpa.LocalContainerEntityManagerFactoryBean.afterPropertiesSet(LocalContainerEntityManagerFactoryBean.java:352)
	at org.springframework.beans.factory.support.AbstractAutowireCapableBeanFactory.invokeInitMethods(AbstractAutowireCapableBeanFactory.java:1798)
	at org.springframework.beans.factory.support.AbstractAutowireCapableBeanFactory.initializeBean(AbstractAutowireCapableBeanFactory.java:1748)
	at org.springframework.beans.factory.support.AbstractAutowireCapableBeanFactory.doCreateBean(AbstractAutowireCapableBeanFactory.java:600)
	at org.springframework.beans.factory.support.AbstractAutowireCapableBeanFactory.createBean(AbstractAutowireCapableBeanFactory.java:522)
	at org.springframework.beans.factory.support.AbstractBeanFactory.lambda$doGetBean$0(AbstractBeanFactory.java:326)
	at org.springframework.beans.factory.support.DefaultSingletonBeanRegistry.getSingleton(DefaultSingletonBeanRegistry.java:234)
	at org.springframework.beans.factory.support.AbstractBeanFactory.doGetBean(AbstractBeanFactory.java:324)
	at org.springframework.beans.factory.support.AbstractBeanFactory.getBean(AbstractBeanFactory.java:200)
	at org.springframework.context.support.AbstractApplicationContext.getBean(AbstractApplicationContext.java:1132)
	at org.springframework.context.support.AbstractApplicationContext.finishBeanFactoryInitialization(AbstractApplicationContext.java:907)
	at org.springframework.context.support.AbstractApplicationContext.refresh(AbstractApplicationContext.java:584)
	at org.springframework.boot.web.servlet.context.ServletWebServerApplicationContext.refresh(ServletWebServerApplicationContext.java:146)
	at org.springframework.boot.SpringApplication.refresh(SpringApplication.java:732)
	at org.springframework.boot.SpringApplication.refreshContext(SpringApplication.java:434)
	at org.springframework.boot.SpringApplication.run(SpringApplication.java:310)
	at org.springframework.boot.SpringApplication.run(SpringApplication.java:1304)
	at org.springframework.boot.SpringApplication.run(SpringApplication.java:1293)
	at com.example.simple.BadmintonApplication.main(BadmintonApplication.java:10)
	at java.base/jdk.internal.reflect.NativeMethodAccessorImpl.invoke0(Native Method)
	at java.base/jdk.internal.reflect.NativeMethodAccessorImpl.invoke(NativeMethodAccessorImpl.java:77)
	at java.base/jdk.internal.reflect.DelegatingMethodAccessorImpl.invoke(DelegatingMethodAccessorImpl.java:43)
	at java.base/java.lang.reflect.Method.invoke(Method.java:568)
	at org.springframework.boot.devtools.restart.RestartLauncher.run(RestartLauncher.java:49)
2024-03-06 14:46:41,681 [restartedMain] ERROR o.s.o.j.LocalContainerEntityManagerFactoryBean : Failed to initialize JPA EntityManagerFactory: Unable to create requested service [org.hibernate.engine.jdbc.env.spi.JdbcEnvironment]
2024-03-06 14:46:41,682 [restartedMain] WARN  o.s.b.w.s.c.AnnotationConfigServletWebServerApplicationContext : Exception encountered during context initialization - cancelling refresh attempt: org.springframework.beans.factory.BeanCreationException: Error creating bean with name 'entityManagerFactory' defined in class path resource [org/springframework/boot/autoconfigure/orm/jpa/HibernateJpaConfiguration.class]: Unable to create requested service [org.hibernate.engine.jdbc.env.spi.JdbcEnvironment]
2024-03-06 14:46:41,685 [restartedMain] INFO  o.apache.catalina.core.StandardService        : Stopping service [Tomcat]
2024-03-06 14:46:41,695 [restartedMain] INFO  o.s.b.a.l.ConditionEvaluationReportLogger     : 

Error starting ApplicationContext. To display the condition evaluation report re-run your application with 'debug' enabled.
2024-03-06 14:46:41,710 [restartedMain] ERROR o.springframework.boot.SpringApplication      : Application run failed
org.springframework.beans.factory.BeanCreationException: Error creating bean with name 'entityManagerFactory' defined in class path resource [org/springframework/boot/autoconfigure/orm/jpa/HibernateJpaConfiguration.class]: Unable to create requested service [org.hibernate.engine.jdbc.env.spi.JdbcEnvironment]
	at org.springframework.beans.factory.support.AbstractAutowireCapableBeanFactory.initializeBean(AbstractAutowireCapableBeanFactory.java:1752)
	at org.springframework.beans.factory.support.AbstractAutowireCapableBeanFactory.doCreateBean(AbstractAutowireCapableBeanFactory.java:600)
	at org.springframework.beans.factory.support.AbstractAutowireCapableBeanFactory.createBean(AbstractAutowireCapableBeanFactory.java:522)
	at org.springframework.beans.factory.support.AbstractBeanFactory.lambda$doGetBean$0(AbstractBeanFactory.java:326)
	at org.springframework.beans.factory.support.DefaultSingletonBeanRegistry.getSingleton(DefaultSingletonBeanRegistry.java:234)
	at org.springframework.beans.factory.support.AbstractBeanFactory.doGetBean(AbstractBeanFactory.java:324)
	at org.springframework.beans.factory.support.AbstractBeanFactory.getBean(AbstractBeanFactory.java:200)
	at org.springframework.context.support.AbstractApplicationContext.getBean(AbstractApplicationContext.java:1132)
	at org.springframework.context.support.AbstractApplicationContext.finishBeanFactoryInitialization(AbstractApplicationContext.java:907)
	at org.springframework.context.support.AbstractApplicationContext.refresh(AbstractApplicationContext.java:584)
	at org.springframework.boot.web.servlet.context.ServletWebServerApplicationContext.refresh(ServletWebServerApplicationContext.java:146)
	at org.springframework.boot.SpringApplication.refresh(SpringApplication.java:732)
	at org.springframework.boot.SpringApplication.refreshContext(SpringApplication.java:434)
	at org.springframework.boot.SpringApplication.run(SpringApplication.java:310)
	at org.springframework.boot.SpringApplication.run(SpringApplication.java:1304)
	at org.springframework.boot.SpringApplication.run(SpringApplication.java:1293)
	at com.example.simple.BadmintonApplication.main(BadmintonApplication.java:10)
	at java.base/jdk.internal.reflect.NativeMethodAccessorImpl.invoke0(Native Method)
	at java.base/jdk.internal.reflect.NativeMethodAccessorImpl.invoke(NativeMethodAccessorImpl.java:77)
	at java.base/jdk.internal.reflect.DelegatingMethodAccessorImpl.invoke(DelegatingMethodAccessorImpl.java:43)
	at java.base/java.lang.reflect.Method.invoke(Method.java:568)
	at org.springframework.boot.devtools.restart.RestartLauncher.run(RestartLauncher.java:49)
Caused by: org.hibernate.service.spi.ServiceException: Unable to create requested service [org.hibernate.engine.jdbc.env.spi.JdbcEnvironment]
	at org.hibernate.service.internal.AbstractServiceRegistryImpl.createService(AbstractServiceRegistryImpl.java:267)
	at org.hibernate.service.internal.AbstractServiceRegistryImpl.initializeService(AbstractServiceRegistryImpl.java:230)
	at org.hibernate.service.internal.AbstractServiceRegistryImpl.getService(AbstractServiceRegistryImpl.java:207)
	at org.hibernate.boot.model.relational.Database.<init>(Database.java:44)
	at org.hibernate.boot.internal.InFlightMetadataCollectorImpl.getDatabase(InFlightMetadataCollectorImpl.java:218)
	at org.hibernate.boot.internal.InFlightMetadataCollectorImpl.<init>(InFlightMetadataCollectorImpl.java:191)
	at org.hibernate.boot.model.process.spi.MetadataBuildingProcess.complete(MetadataBuildingProcess.java:138)
	at org.hibernate.jpa.boot.internal.EntityManagerFactoryBuilderImpl.metadata(EntityManagerFactoryBuilderImpl.java:1348)
	at org.hibernate.jpa.boot.internal.EntityManagerFactoryBuilderImpl.build(EntityManagerFactoryBuilderImpl.java:1419)
	at org.springframework.orm.jpa.vendor.SpringHibernateJpaPersistenceProvider.createContainerEntityManagerFactory(SpringHibernateJpaPersistenceProvider.java:66)
	at org.springframework.orm.jpa.LocalContainerEntityManagerFactoryBean.createNativeEntityManagerFactory(LocalContainerEntityManagerFactoryBean.java:376)
	at org.springframework.orm.jpa.AbstractEntityManagerFactoryBean.buildNativeEntityManagerFactory(AbstractEntityManagerFactoryBean.java:409)
	at org.springframework.orm.jpa.AbstractEntityManagerFactoryBean.afterPropertiesSet(AbstractEntityManagerFactoryBean.java:396)
	at org.springframework.orm.jpa.LocalContainerEntityManagerFactoryBean.afterPropertiesSet(LocalContainerEntityManagerFactoryBean.java:352)
	at org.springframework.beans.factory.support.AbstractAutowireCapableBeanFactory.invokeInitMethods(AbstractAutowireCapableBeanFactory.java:1798)
	at org.springframework.beans.factory.support.AbstractAutowireCapableBeanFactory.initializeBean(AbstractAutowireCapableBeanFactory.java:1748)
	... 21 common frames omitted
Caused by: org.hibernate.HibernateException: Unable to determine Dialect without JDBC metadata (please set 'javax.persistence.jdbc.url', 'hibernate.connection.url', or 'hibernate.dialect')
	at org.hibernate.engine.jdbc.dialect.internal.DialectFactoryImpl.determineDialect(DialectFactoryImpl.java:147)
	at org.hibernate.engine.jdbc.dialect.internal.DialectFactoryImpl.buildDialect(DialectFactoryImpl.java:60)
	at org.hibernate.engine.jdbc.env.internal.JdbcEnvironmentInitiator.initiateService(JdbcEnvironmentInitiator.java:244)
	at org.hibernate.engine.jdbc.env.internal.JdbcEnvironmentInitiator.initiateService(JdbcEnvironmentInitiator.java:36)
	at org.hibernate.boot.registry.internal.StandardServiceRegistryImpl.initiateService(StandardServiceRegistryImpl.java:119)
	at org.hibernate.service.internal.AbstractServiceRegistryImpl.createService(AbstractServiceRegistryImpl.java:255)
	... 36 common frames omitted
2024-03-06 14:48:28,790 [restartedMain] INFO  com.example.simple.BadmintonApplication       : Starting BadmintonApplication using Java 17.0.8.1 with PID 18516 (C:\Users\EE212845\Desktop\Microservices\Badminton(Updated)\Badminton2\target\classes started by EE212845 in C:\Users\EE212845\Desktop\Microservices\Badminton(Updated)\Badminton2)
2024-03-06 14:48:28,792 [restartedMain] INFO  com.example.simple.BadmintonApplication       : No active profile set, falling back to 1 default profile: "default"
2024-03-06 14:48:28,828 [restartedMain] INFO  o.s.b.d.e.DevToolsPropertyDefaultsPostProcessor : Devtools property defaults active! Set 'spring.devtools.add-properties' to 'false' to disable
2024-03-06 14:48:28,828 [restartedMain] INFO  o.s.b.d.e.DevToolsPropertyDefaultsPostProcessor : For additional web related logging consider setting the 'logging.level.web' property to 'DEBUG'
2024-03-06 14:48:29,380 [restartedMain] INFO  o.s.d.r.c.RepositoryConfigurationDelegate     : Multiple Spring Data modules found, entering strict repository configuration mode
2024-03-06 14:48:29,382 [restartedMain] INFO  o.s.d.r.c.RepositoryConfigurationDelegate     : Bootstrapping Spring Data JDBC repositories in DEFAULT mode.
2024-03-06 14:48:29,411 [restartedMain] INFO  o.s.d.r.c.RepositoryConfigurationExtensionSupport : Spring Data JDBC - Could not safely identify store assignment for repository candidate interface com.example.simple.repository.Mathchdetailsrepo; If you want this repository to be a JDBC repository, consider annotating your entities with one of these annotations: org.springframework.data.relational.core.mapping.Table.
2024-03-06 14:48:29,414 [restartedMain] INFO  o.s.d.r.c.RepositoryConfigurationExtensionSupport : Spring Data JDBC - Could not safely identify store assignment for repository candidate interface com.example.simple.repository.Payment_details_repo; If you want this repository to be a JDBC repository, consider annotating your entities with one of these annotations: org.springframework.data.relational.core.mapping.Table.
2024-03-06 14:48:29,417 [restartedMain] INFO  o.s.d.r.c.RepositoryConfigurationExtensionSupport : Spring Data JDBC - Could not safely identify store assignment for repository candidate interface com.example.simple.repository.Player_details_repo; If you want this repository to be a JDBC repository, consider annotating your entities with one of these annotations: org.springframework.data.relational.core.mapping.Table.
2024-03-06 14:48:29,420 [restartedMain] INFO  o.s.d.r.c.RepositoryConfigurationExtensionSupport : Spring Data JDBC - Could not safely identify store assignment for repository candidate interface com.example.simple.repository.UserRepository; If you want this repository to be a JDBC repository, consider annotating your entities with one of these annotations: org.springframework.data.relational.core.mapping.Table.
2024-03-06 14:48:29,421 [restartedMain] INFO  o.s.d.r.c.RepositoryConfigurationDelegate     : Finished Spring Data repository scanning in 34 ms. Found 0 JDBC repository interfaces.
2024-03-06 14:48:29,429 [restartedMain] INFO  o.s.d.r.c.RepositoryConfigurationDelegate     : Multiple Spring Data modules found, entering strict repository configuration mode
2024-03-06 14:48:29,429 [restartedMain] INFO  o.s.d.r.c.RepositoryConfigurationDelegate     : Bootstrapping Spring Data JPA repositories in DEFAULT mode.
2024-03-06 14:48:29,462 [restartedMain] INFO  o.s.d.r.c.RepositoryConfigurationDelegate     : Finished Spring Data repository scanning in 30 ms. Found 4 JPA repository interfaces.
2024-03-06 14:48:29,659 [restartedMain] INFO  o.s.c.s.PostProcessorRegistrationDelegate$BeanPostProcessorChecker : Bean 'org.springframework.ws.config.annotation.DelegatingWsConfiguration' of type [org.springframework.ws.config.annotation.DelegatingWsConfiguration$$SpringCGLIB$$0] is not eligible for getting processed by all BeanPostProcessors (for example: not eligible for auto-proxying)
2024-03-06 14:48:29,694 [restartedMain] INFO  o.s.w.s.a.s.AnnotationActionEndpointMapping   : Supporting [WS-Addressing August 2004, WS-Addressing 1.0]
2024-03-06 14:48:30,021 [restartedMain] INFO  o.s.b.w.embedded.tomcat.TomcatWebServer       : Tomcat initialized with port(s): 8080 (http)
2024-03-06 14:48:30,029 [restartedMain] INFO  o.apache.catalina.core.StandardService        : Starting service [Tomcat]
2024-03-06 14:48:30,030 [restartedMain] INFO  org.apache.catalina.core.StandardEngine       : Starting Servlet engine: [Apache Tomcat/10.1.5]
2024-03-06 14:48:30,154 [restartedMain] INFO  org.apache.jasper.servlet.TldScanner          : At least one JAR was scanned for TLDs yet contained no TLDs. Enable debug logging for this logger for a complete list of JARs that were scanned but no TLDs were found in them. Skipping unneeded JARs during scanning can improve startup time and JSP compilation time.
2024-03-06 14:48:30,158 [restartedMain] INFO  o.a.c.c.C.[Tomcat].[localhost].[/]            : Initializing Spring embedded WebApplicationContext
2024-03-06 14:48:30,158 [restartedMain] INFO  o.s.b.w.s.c.ServletWebServerApplicationContext : Root WebApplicationContext: initialization completed in 1330 ms
2024-03-06 14:48:30,268 [restartedMain] INFO  o.hibernate.jpa.internal.util.LogHelper       : HHH000204: Processing PersistenceUnitInfo [name: default]
2024-03-06 14:48:30,308 [restartedMain] INFO  org.hibernate.Version                         : HHH000412: Hibernate ORM core version 6.1.7.Final
2024-03-06 14:48:30,489 [restartedMain] INFO  com.zaxxer.hikari.HikariDataSource            : HikariPool-1 - Starting...
2024-03-06 14:48:31,703 [restartedMain] ERROR com.zaxxer.hikari.pool.HikariPool             : HikariPool-1 - Exception during pool initialization.
java.sql.SQLSyntaxErrorException: Unknown database 'pavan'
	at com.mysql.cj.jdbc.exceptions.SQLError.createSQLException(SQLError.java:120)
	at com.mysql.cj.jdbc.exceptions.SQLExceptionsMapping.translateException(SQLExceptionsMapping.java:122)
	at com.mysql.cj.jdbc.ConnectionImpl.createNewIO(ConnectionImpl.java:824)
	at com.mysql.cj.jdbc.ConnectionImpl.<init>(ConnectionImpl.java:444)
	at com.mysql.cj.jdbc.ConnectionImpl.getInstance(ConnectionImpl.java:237)
	at com.mysql.cj.jdbc.NonRegisteringDriver.connect(NonRegisteringDriver.java:198)
	at com.zaxxer.hikari.util.DriverDataSource.getConnection(DriverDataSource.java:138)
	at com.zaxxer.hikari.pool.PoolBase.newConnection(PoolBase.java:359)
	at com.zaxxer.hikari.pool.PoolBase.newPoolEntry(PoolBase.java:201)
	at com.zaxxer.hikari.pool.HikariPool.createPoolEntry(HikariPool.java:470)
	at com.zaxxer.hikari.pool.HikariPool.checkFailFast(HikariPool.java:561)
	at com.zaxxer.hikari.pool.HikariPool.<init>(HikariPool.java:100)
	at com.zaxxer.hikari.HikariDataSource.getConnection(HikariDataSource.java:112)
	at org.hibernate.engine.jdbc.connections.internal.DatasourceConnectionProviderImpl.getConnection(DatasourceConnectionProviderImpl.java:122)
	at org.hibernate.engine.jdbc.env.internal.JdbcEnvironmentInitiator$ConnectionProviderJdbcConnectionAccess.obtainConnection(JdbcEnvironmentInitiator.java:284)
	at org.hibernate.engine.jdbc.env.internal.JdbcEnvironmentInitiator.initiateService(JdbcEnvironmentInitiator.java:177)
	at org.hibernate.engine.jdbc.env.internal.JdbcEnvironmentInitiator.initiateService(JdbcEnvironmentInitiator.java:36)
	at org.hibernate.boot.registry.internal.StandardServiceRegistryImpl.initiateService(StandardServiceRegistryImpl.java:119)
	at org.hibernate.service.internal.AbstractServiceRegistryImpl.createService(AbstractServiceRegistryImpl.java:255)
	at org.hibernate.service.internal.AbstractServiceRegistryImpl.initializeService(AbstractServiceRegistryImpl.java:230)
	at org.hibernate.service.internal.AbstractServiceRegistryImpl.getService(AbstractServiceRegistryImpl.java:207)
	at org.hibernate.boot.model.relational.Database.<init>(Database.java:44)
	at org.hibernate.boot.internal.InFlightMetadataCollectorImpl.getDatabase(InFlightMetadataCollectorImpl.java:218)
	at org.hibernate.boot.internal.InFlightMetadataCollectorImpl.<init>(InFlightMetadataCollectorImpl.java:191)
	at org.hibernate.boot.model.process.spi.MetadataBuildingProcess.complete(MetadataBuildingProcess.java:138)
	at org.hibernate.jpa.boot.internal.EntityManagerFactoryBuilderImpl.metadata(EntityManagerFactoryBuilderImpl.java:1348)
	at org.hibernate.jpa.boot.internal.EntityManagerFactoryBuilderImpl.build(EntityManagerFactoryBuilderImpl.java:1419)
	at org.springframework.orm.jpa.vendor.SpringHibernateJpaPersistenceProvider.createContainerEntityManagerFactory(SpringHibernateJpaPersistenceProvider.java:66)
	at org.springframework.orm.jpa.LocalContainerEntityManagerFactoryBean.createNativeEntityManagerFactory(LocalContainerEntityManagerFactoryBean.java:376)
	at org.springframework.orm.jpa.AbstractEntityManagerFactoryBean.buildNativeEntityManagerFactory(AbstractEntityManagerFactoryBean.java:409)
	at org.springframework.orm.jpa.AbstractEntityManagerFactoryBean.afterPropertiesSet(AbstractEntityManagerFactoryBean.java:396)
	at org.springframework.orm.jpa.LocalContainerEntityManagerFactoryBean.afterPropertiesSet(LocalContainerEntityManagerFactoryBean.java:352)
	at org.springframework.beans.factory.support.AbstractAutowireCapableBeanFactory.invokeInitMethods(AbstractAutowireCapableBeanFactory.java:1798)
	at org.springframework.beans.factory.support.AbstractAutowireCapableBeanFactory.initializeBean(AbstractAutowireCapableBeanFactory.java:1748)
	at org.springframework.beans.factory.support.AbstractAutowireCapableBeanFactory.doCreateBean(AbstractAutowireCapableBeanFactory.java:600)
	at org.springframework.beans.factory.support.AbstractAutowireCapableBeanFactory.createBean(AbstractAutowireCapableBeanFactory.java:522)
	at org.springframework.beans.factory.support.AbstractBeanFactory.lambda$doGetBean$0(AbstractBeanFactory.java:326)
	at org.springframework.beans.factory.support.DefaultSingletonBeanRegistry.getSingleton(DefaultSingletonBeanRegistry.java:234)
	at org.springframework.beans.factory.support.AbstractBeanFactory.doGetBean(AbstractBeanFactory.java:324)
	at org.springframework.beans.factory.support.AbstractBeanFactory.getBean(AbstractBeanFactory.java:200)
	at org.springframework.context.support.AbstractApplicationContext.getBean(AbstractApplicationContext.java:1132)
	at org.springframework.context.support.AbstractApplicationContext.finishBeanFactoryInitialization(AbstractApplicationContext.java:907)
	at org.springframework.context.support.AbstractApplicationContext.refresh(AbstractApplicationContext.java:584)
	at org.springframework.boot.web.servlet.context.ServletWebServerApplicationContext.refresh(ServletWebServerApplicationContext.java:146)
	at org.springframework.boot.SpringApplication.refresh(SpringApplication.java:732)
	at org.springframework.boot.SpringApplication.refreshContext(SpringApplication.java:434)
	at org.springframework.boot.SpringApplication.run(SpringApplication.java:310)
	at org.springframework.boot.SpringApplication.run(SpringApplication.java:1304)
	at org.springframework.boot.SpringApplication.run(SpringApplication.java:1293)
	at com.example.simple.BadmintonApplication.main(BadmintonApplication.java:10)
	at java.base/jdk.internal.reflect.NativeMethodAccessorImpl.invoke0(Native Method)
	at java.base/jdk.internal.reflect.NativeMethodAccessorImpl.invoke(NativeMethodAccessorImpl.java:77)
	at java.base/jdk.internal.reflect.DelegatingMethodAccessorImpl.invoke(DelegatingMethodAccessorImpl.java:43)
	at java.base/java.lang.reflect.Method.invoke(Method.java:568)
	at org.springframework.boot.devtools.restart.RestartLauncher.run(RestartLauncher.java:49)
2024-03-06 14:48:31,711 [restartedMain] WARN  o.h.e.j.e.i.JdbcEnvironmentInitiator          : HHH000342: Could not obtain connection to query metadata
java.sql.SQLSyntaxErrorException: Unknown database 'pavan'
	at com.mysql.cj.jdbc.exceptions.SQLError.createSQLException(SQLError.java:120)
	at com.mysql.cj.jdbc.exceptions.SQLExceptionsMapping.translateException(SQLExceptionsMapping.java:122)
	at com.mysql.cj.jdbc.ConnectionImpl.createNewIO(ConnectionImpl.java:824)
	at com.mysql.cj.jdbc.ConnectionImpl.<init>(ConnectionImpl.java:444)
	at com.mysql.cj.jdbc.ConnectionImpl.getInstance(ConnectionImpl.java:237)
	at com.mysql.cj.jdbc.NonRegisteringDriver.connect(NonRegisteringDriver.java:198)
	at com.zaxxer.hikari.util.DriverDataSource.getConnection(DriverDataSource.java:138)
	at com.zaxxer.hikari.pool.PoolBase.newConnection(PoolBase.java:359)
	at com.zaxxer.hikari.pool.PoolBase.newPoolEntry(PoolBase.java:201)
	at com.zaxxer.hikari.pool.HikariPool.createPoolEntry(HikariPool.java:470)
	at com.zaxxer.hikari.pool.HikariPool.checkFailFast(HikariPool.java:561)
	at com.zaxxer.hikari.pool.HikariPool.<init>(HikariPool.java:100)
	at com.zaxxer.hikari.HikariDataSource.getConnection(HikariDataSource.java:112)
	at org.hibernate.engine.jdbc.connections.internal.DatasourceConnectionProviderImpl.getConnection(DatasourceConnectionProviderImpl.java:122)
	at org.hibernate.engine.jdbc.env.internal.JdbcEnvironmentInitiator$ConnectionProviderJdbcConnectionAccess.obtainConnection(JdbcEnvironmentInitiator.java:284)
	at org.hibernate.engine.jdbc.env.internal.JdbcEnvironmentInitiator.initiateService(JdbcEnvironmentInitiator.java:177)
	at org.hibernate.engine.jdbc.env.internal.JdbcEnvironmentInitiator.initiateService(JdbcEnvironmentInitiator.java:36)
	at org.hibernate.boot.registry.internal.StandardServiceRegistryImpl.initiateService(StandardServiceRegistryImpl.java:119)
	at org.hibernate.service.internal.AbstractServiceRegistryImpl.createService(AbstractServiceRegistryImpl.java:255)
	at org.hibernate.service.internal.AbstractServiceRegistryImpl.initializeService(AbstractServiceRegistryImpl.java:230)
	at org.hibernate.service.internal.AbstractServiceRegistryImpl.getService(AbstractServiceRegistryImpl.java:207)
	at org.hibernate.boot.model.relational.Database.<init>(Database.java:44)
	at org.hibernate.boot.internal.InFlightMetadataCollectorImpl.getDatabase(InFlightMetadataCollectorImpl.java:218)
	at org.hibernate.boot.internal.InFlightMetadataCollectorImpl.<init>(InFlightMetadataCollectorImpl.java:191)
	at org.hibernate.boot.model.process.spi.MetadataBuildingProcess.complete(MetadataBuildingProcess.java:138)
	at org.hibernate.jpa.boot.internal.EntityManagerFactoryBuilderImpl.metadata(EntityManagerFactoryBuilderImpl.java:1348)
	at org.hibernate.jpa.boot.internal.EntityManagerFactoryBuilderImpl.build(EntityManagerFactoryBuilderImpl.java:1419)
	at org.springframework.orm.jpa.vendor.SpringHibernateJpaPersistenceProvider.createContainerEntityManagerFactory(SpringHibernateJpaPersistenceProvider.java:66)
	at org.springframework.orm.jpa.LocalContainerEntityManagerFactoryBean.createNativeEntityManagerFactory(LocalContainerEntityManagerFactoryBean.java:376)
	at org.springframework.orm.jpa.AbstractEntityManagerFactoryBean.buildNativeEntityManagerFactory(AbstractEntityManagerFactoryBean.java:409)
	at org.springframework.orm.jpa.AbstractEntityManagerFactoryBean.afterPropertiesSet(AbstractEntityManagerFactoryBean.java:396)
	at org.springframework.orm.jpa.LocalContainerEntityManagerFactoryBean.afterPropertiesSet(LocalContainerEntityManagerFactoryBean.java:352)
	at org.springframework.beans.factory.support.AbstractAutowireCapableBeanFactory.invokeInitMethods(AbstractAutowireCapableBeanFactory.java:1798)
	at org.springframework.beans.factory.support.AbstractAutowireCapableBeanFactory.initializeBean(AbstractAutowireCapableBeanFactory.java:1748)
	at org.springframework.beans.factory.support.AbstractAutowireCapableBeanFactory.doCreateBean(AbstractAutowireCapableBeanFactory.java:600)
	at org.springframework.beans.factory.support.AbstractAutowireCapableBeanFactory.createBean(AbstractAutowireCapableBeanFactory.java:522)
	at org.springframework.beans.factory.support.AbstractBeanFactory.lambda$doGetBean$0(AbstractBeanFactory.java:326)
	at org.springframework.beans.factory.support.DefaultSingletonBeanRegistry.getSingleton(DefaultSingletonBeanRegistry.java:234)
	at org.springframework.beans.factory.support.AbstractBeanFactory.doGetBean(AbstractBeanFactory.java:324)
	at org.springframework.beans.factory.support.AbstractBeanFactory.getBean(AbstractBeanFactory.java:200)
	at org.springframework.context.support.AbstractApplicationContext.getBean(AbstractApplicationContext.java:1132)
	at org.springframework.context.support.AbstractApplicationContext.finishBeanFactoryInitialization(AbstractApplicationContext.java:907)
	at org.springframework.context.support.AbstractApplicationContext.refresh(AbstractApplicationContext.java:584)
	at org.springframework.boot.web.servlet.context.ServletWebServerApplicationContext.refresh(ServletWebServerApplicationContext.java:146)
	at org.springframework.boot.SpringApplication.refresh(SpringApplication.java:732)
	at org.springframework.boot.SpringApplication.refreshContext(SpringApplication.java:434)
	at org.springframework.boot.SpringApplication.run(SpringApplication.java:310)
	at org.springframework.boot.SpringApplication.run(SpringApplication.java:1304)
	at org.springframework.boot.SpringApplication.run(SpringApplication.java:1293)
	at com.example.simple.BadmintonApplication.main(BadmintonApplication.java:10)
	at java.base/jdk.internal.reflect.NativeMethodAccessorImpl.invoke0(Native Method)
	at java.base/jdk.internal.reflect.NativeMethodAccessorImpl.invoke(NativeMethodAccessorImpl.java:77)
	at java.base/jdk.internal.reflect.DelegatingMethodAccessorImpl.invoke(DelegatingMethodAccessorImpl.java:43)
	at java.base/java.lang.reflect.Method.invoke(Method.java:568)
	at org.springframework.boot.devtools.restart.RestartLauncher.run(RestartLauncher.java:49)
2024-03-06 14:48:31,715 [restartedMain] ERROR o.s.o.j.LocalContainerEntityManagerFactoryBean : Failed to initialize JPA EntityManagerFactory: Unable to create requested service [org.hibernate.engine.jdbc.env.spi.JdbcEnvironment]
2024-03-06 14:48:31,716 [restartedMain] WARN  o.s.b.w.s.c.AnnotationConfigServletWebServerApplicationContext : Exception encountered during context initialization - cancelling refresh attempt: org.springframework.beans.factory.BeanCreationException: Error creating bean with name 'entityManagerFactory' defined in class path resource [org/springframework/boot/autoconfigure/orm/jpa/HibernateJpaConfiguration.class]: Unable to create requested service [org.hibernate.engine.jdbc.env.spi.JdbcEnvironment]
2024-03-06 14:48:31,719 [restartedMain] INFO  o.apache.catalina.core.StandardService        : Stopping service [Tomcat]
2024-03-06 14:48:31,729 [restartedMain] INFO  o.s.b.a.l.ConditionEvaluationReportLogger     : 

Error starting ApplicationContext. To display the condition evaluation report re-run your application with 'debug' enabled.
2024-03-06 14:48:31,744 [restartedMain] ERROR o.springframework.boot.SpringApplication      : Application run failed
org.springframework.beans.factory.BeanCreationException: Error creating bean with name 'entityManagerFactory' defined in class path resource [org/springframework/boot/autoconfigure/orm/jpa/HibernateJpaConfiguration.class]: Unable to create requested service [org.hibernate.engine.jdbc.env.spi.JdbcEnvironment]
	at org.springframework.beans.factory.support.AbstractAutowireCapableBeanFactory.initializeBean(AbstractAutowireCapableBeanFactory.java:1752)
	at org.springframework.beans.factory.support.AbstractAutowireCapableBeanFactory.doCreateBean(AbstractAutowireCapableBeanFactory.java:600)
	at org.springframework.beans.factory.support.AbstractAutowireCapableBeanFactory.createBean(AbstractAutowireCapableBeanFactory.java:522)
	at org.springframework.beans.factory.support.AbstractBeanFactory.lambda$doGetBean$0(AbstractBeanFactory.java:326)
	at org.springframework.beans.factory.support.DefaultSingletonBeanRegistry.getSingleton(DefaultSingletonBeanRegistry.java:234)
	at org.springframework.beans.factory.support.AbstractBeanFactory.doGetBean(AbstractBeanFactory.java:324)
	at org.springframework.beans.factory.support.AbstractBeanFactory.getBean(AbstractBeanFactory.java:200)
	at org.springframework.context.support.AbstractApplicationContext.getBean(AbstractApplicationContext.java:1132)
	at org.springframework.context.support.AbstractApplicationContext.finishBeanFactoryInitialization(AbstractApplicationContext.java:907)
	at org.springframework.context.support.AbstractApplicationContext.refresh(AbstractApplicationContext.java:584)
	at org.springframework.boot.web.servlet.context.ServletWebServerApplicationContext.refresh(ServletWebServerApplicationContext.java:146)
	at org.springframework.boot.SpringApplication.refresh(SpringApplication.java:732)
	at org.springframework.boot.SpringApplication.refreshContext(SpringApplication.java:434)
	at org.springframework.boot.SpringApplication.run(SpringApplication.java:310)
	at org.springframework.boot.SpringApplication.run(SpringApplication.java:1304)
	at org.springframework.boot.SpringApplication.run(SpringApplication.java:1293)
	at com.example.simple.BadmintonApplication.main(BadmintonApplication.java:10)
	at java.base/jdk.internal.reflect.NativeMethodAccessorImpl.invoke0(Native Method)
	at java.base/jdk.internal.reflect.NativeMethodAccessorImpl.invoke(NativeMethodAccessorImpl.java:77)
	at java.base/jdk.internal.reflect.DelegatingMethodAccessorImpl.invoke(DelegatingMethodAccessorImpl.java:43)
	at java.base/java.lang.reflect.Method.invoke(Method.java:568)
	at org.springframework.boot.devtools.restart.RestartLauncher.run(RestartLauncher.java:49)
Caused by: org.hibernate.service.spi.ServiceException: Unable to create requested service [org.hibernate.engine.jdbc.env.spi.JdbcEnvironment]
	at org.hibernate.service.internal.AbstractServiceRegistryImpl.createService(AbstractServiceRegistryImpl.java:267)
	at org.hibernate.service.internal.AbstractServiceRegistryImpl.initializeService(AbstractServiceRegistryImpl.java:230)
	at org.hibernate.service.internal.AbstractServiceRegistryImpl.getService(AbstractServiceRegistryImpl.java:207)
	at org.hibernate.boot.model.relational.Database.<init>(Database.java:44)
	at org.hibernate.boot.internal.InFlightMetadataCollectorImpl.getDatabase(InFlightMetadataCollectorImpl.java:218)
	at org.hibernate.boot.internal.InFlightMetadataCollectorImpl.<init>(InFlightMetadataCollectorImpl.java:191)
	at org.hibernate.boot.model.process.spi.MetadataBuildingProcess.complete(MetadataBuildingProcess.java:138)
	at org.hibernate.jpa.boot.internal.EntityManagerFactoryBuilderImpl.metadata(EntityManagerFactoryBuilderImpl.java:1348)
	at org.hibernate.jpa.boot.internal.EntityManagerFactoryBuilderImpl.build(EntityManagerFactoryBuilderImpl.java:1419)
	at org.springframework.orm.jpa.vendor.SpringHibernateJpaPersistenceProvider.createContainerEntityManagerFactory(SpringHibernateJpaPersistenceProvider.java:66)
	at org.springframework.orm.jpa.LocalContainerEntityManagerFactoryBean.createNativeEntityManagerFactory(LocalContainerEntityManagerFactoryBean.java:376)
	at org.springframework.orm.jpa.AbstractEntityManagerFactoryBean.buildNativeEntityManagerFactory(AbstractEntityManagerFactoryBean.java:409)
	at org.springframework.orm.jpa.AbstractEntityManagerFactoryBean.afterPropertiesSet(AbstractEntityManagerFactoryBean.java:396)
	at org.springframework.orm.jpa.LocalContainerEntityManagerFactoryBean.afterPropertiesSet(LocalContainerEntityManagerFactoryBean.java:352)
	at org.springframework.beans.factory.support.AbstractAutowireCapableBeanFactory.invokeInitMethods(AbstractAutowireCapableBeanFactory.java:1798)
	at org.springframework.beans.factory.support.AbstractAutowireCapableBeanFactory.initializeBean(AbstractAutowireCapableBeanFactory.java:1748)
	... 21 common frames omitted
Caused by: org.hibernate.HibernateException: Unable to determine Dialect without JDBC metadata (please set 'javax.persistence.jdbc.url', 'hibernate.connection.url', or 'hibernate.dialect')
	at org.hibernate.engine.jdbc.dialect.internal.DialectFactoryImpl.determineDialect(DialectFactoryImpl.java:147)
	at org.hibernate.engine.jdbc.dialect.internal.DialectFactoryImpl.buildDialect(DialectFactoryImpl.java:60)
	at org.hibernate.engine.jdbc.env.internal.JdbcEnvironmentInitiator.initiateService(JdbcEnvironmentInitiator.java:244)
	at org.hibernate.engine.jdbc.env.internal.JdbcEnvironmentInitiator.initiateService(JdbcEnvironmentInitiator.java:36)
	at org.hibernate.boot.registry.internal.StandardServiceRegistryImpl.initiateService(StandardServiceRegistryImpl.java:119)
	at org.hibernate.service.internal.AbstractServiceRegistryImpl.createService(AbstractServiceRegistryImpl.java:255)
	... 36 common frames omitted
2024-03-06 14:49:28,167 [restartedMain] INFO  com.example.simple.BadmintonApplication       : Starting BadmintonApplication using Java 17.0.8.1 with PID 19180 (C:\Users\EE212845\Desktop\Microservices\Badminton(Updated)\Badminton2\target\classes started by EE212845 in C:\Users\EE212845\Desktop\Microservices\Badminton(Updated)\Badminton2)
2024-03-06 14:49:28,169 [restartedMain] INFO  com.example.simple.BadmintonApplication       : No active profile set, falling back to 1 default profile: "default"
2024-03-06 14:49:28,214 [restartedMain] INFO  o.s.b.d.e.DevToolsPropertyDefaultsPostProcessor : Devtools property defaults active! Set 'spring.devtools.add-properties' to 'false' to disable
2024-03-06 14:49:28,214 [restartedMain] INFO  o.s.b.d.e.DevToolsPropertyDefaultsPostProcessor : For additional web related logging consider setting the 'logging.level.web' property to 'DEBUG'
2024-03-06 14:49:28,760 [restartedMain] INFO  o.s.d.r.c.RepositoryConfigurationDelegate     : Multiple Spring Data modules found, entering strict repository configuration mode
2024-03-06 14:49:28,762 [restartedMain] INFO  o.s.d.r.c.RepositoryConfigurationDelegate     : Bootstrapping Spring Data JDBC repositories in DEFAULT mode.
2024-03-06 14:49:28,789 [restartedMain] INFO  o.s.d.r.c.RepositoryConfigurationExtensionSupport : Spring Data JDBC - Could not safely identify store assignment for repository candidate interface com.example.simple.repository.Mathchdetailsrepo; If you want this repository to be a JDBC repository, consider annotating your entities with one of these annotations: org.springframework.data.relational.core.mapping.Table.
2024-03-06 14:49:28,792 [restartedMain] INFO  o.s.d.r.c.RepositoryConfigurationExtensionSupport : Spring Data JDBC - Could not safely identify store assignment for repository candidate interface com.example.simple.repository.Payment_details_repo; If you want this repository to be a JDBC repository, consider annotating your entities with one of these annotations: org.springframework.data.relational.core.mapping.Table.
2024-03-06 14:49:28,795 [restartedMain] INFO  o.s.d.r.c.RepositoryConfigurationExtensionSupport : Spring Data JDBC - Could not safely identify store assignment for repository candidate interface com.example.simple.repository.Player_details_repo; If you want this repository to be a JDBC repository, consider annotating your entities with one of these annotations: org.springframework.data.relational.core.mapping.Table.
2024-03-06 14:49:28,798 [restartedMain] INFO  o.s.d.r.c.RepositoryConfigurationExtensionSupport : Spring Data JDBC - Could not safely identify store assignment for repository candidate interface com.example.simple.repository.UserRepository; If you want this repository to be a JDBC repository, consider annotating your entities with one of these annotations: org.springframework.data.relational.core.mapping.Table.
2024-03-06 14:49:28,798 [restartedMain] INFO  o.s.d.r.c.RepositoryConfigurationDelegate     : Finished Spring Data repository scanning in 32 ms. Found 0 JDBC repository interfaces.
2024-03-06 14:49:28,806 [restartedMain] INFO  o.s.d.r.c.RepositoryConfigurationDelegate     : Multiple Spring Data modules found, entering strict repository configuration mode
2024-03-06 14:49:28,807 [restartedMain] INFO  o.s.d.r.c.RepositoryConfigurationDelegate     : Bootstrapping Spring Data JPA repositories in DEFAULT mode.
2024-03-06 14:49:28,838 [restartedMain] INFO  o.s.d.r.c.RepositoryConfigurationDelegate     : Finished Spring Data repository scanning in 29 ms. Found 4 JPA repository interfaces.
2024-03-06 14:49:29,033 [restartedMain] INFO  o.s.c.s.PostProcessorRegistrationDelegate$BeanPostProcessorChecker : Bean 'org.springframework.ws.config.annotation.DelegatingWsConfiguration' of type [org.springframework.ws.config.annotation.DelegatingWsConfiguration$$SpringCGLIB$$0] is not eligible for getting processed by all BeanPostProcessors (for example: not eligible for auto-proxying)
2024-03-06 14:49:29,062 [restartedMain] INFO  o.s.w.s.a.s.AnnotationActionEndpointMapping   : Supporting [WS-Addressing August 2004, WS-Addressing 1.0]
2024-03-06 14:49:29,325 [restartedMain] INFO  o.s.b.w.embedded.tomcat.TomcatWebServer       : Tomcat initialized with port(s): 8080 (http)
2024-03-06 14:49:29,332 [restartedMain] INFO  o.apache.catalina.core.StandardService        : Starting service [Tomcat]
2024-03-06 14:49:29,333 [restartedMain] INFO  org.apache.catalina.core.StandardEngine       : Starting Servlet engine: [Apache Tomcat/10.1.5]
2024-03-06 14:49:29,443 [restartedMain] INFO  org.apache.jasper.servlet.TldScanner          : At least one JAR was scanned for TLDs yet contained no TLDs. Enable debug logging for this logger for a complete list of JARs that were scanned but no TLDs were found in them. Skipping unneeded JARs during scanning can improve startup time and JSP compilation time.
2024-03-06 14:49:29,447 [restartedMain] INFO  o.a.c.c.C.[Tomcat].[localhost].[/]            : Initializing Spring embedded WebApplicationContext
2024-03-06 14:49:29,447 [restartedMain] INFO  o.s.b.w.s.c.ServletWebServerApplicationContext : Root WebApplicationContext: initialization completed in 1233 ms
2024-03-06 14:49:29,568 [restartedMain] INFO  o.hibernate.jpa.internal.util.LogHelper       : HHH000204: Processing PersistenceUnitInfo [name: default]
2024-03-06 14:49:29,600 [restartedMain] INFO  org.hibernate.Version                         : HHH000412: Hibernate ORM core version 6.1.7.Final
2024-03-06 14:49:29,801 [restartedMain] INFO  com.zaxxer.hikari.HikariDataSource            : HikariPool-1 - Starting...
2024-03-06 14:49:30,031 [restartedMain] INFO  com.zaxxer.hikari.pool.HikariPool             : HikariPool-1 - Added connection com.mysql.cj.jdbc.ConnectionImpl@29d4d532
2024-03-06 14:49:30,033 [restartedMain] INFO  com.zaxxer.hikari.HikariDataSource            : HikariPool-1 - Start completed.
2024-03-06 14:49:30,088 [restartedMain] INFO  SQL dialect                                   : HHH000400: Using dialect: org.hibernate.dialect.MySQLDialect
2024-03-06 14:49:30,728 [restartedMain] INFO  o.h.e.t.j.p.i.JtaPlatformInitiator            : HHH000490: Using JtaPlatform implementation: [org.hibernate.engine.transaction.jta.platform.internal.NoJtaPlatform]
2024-03-06 14:49:30,737 [restartedMain] INFO  o.s.o.j.LocalContainerEntityManagerFactoryBean : Initialized JPA EntityManagerFactory for persistence unit 'default'
2024-03-06 14:49:31,055 [restartedMain] WARN  o.s.b.a.o.j.JpaBaseConfiguration$JpaWebConfiguration : spring.jpa.open-in-view is enabled by default. Therefore, database queries may be performed during view rendering. Explicitly configure spring.jpa.open-in-view to disable this warning
2024-03-06 14:49:31,254 [restartedMain] INFO  o.s.s.web.DefaultSecurityFilterChain          : Will secure any request with [org.springframework.security.web.session.DisableEncodeUrlFilter@70530e20, org.springframework.security.web.context.request.async.WebAsyncManagerIntegrationFilter@367aeca0, org.springframework.security.web.context.SecurityContextHolderFilter@3360b754, org.springframework.security.web.header.HeaderWriterFilter@49436f7c, org.springframework.web.filter.CorsFilter@3df6fbcd, org.springframework.security.web.authentication.logout.LogoutFilter@56018, org.springframework.security.web.authentication.UsernamePasswordAuthenticationFilter@6463a2f1, org.springframework.security.web.authentication.ui.DefaultLoginPageGeneratingFilter@4cb064ac, org.springframework.security.web.authentication.ui.DefaultLogoutPageGeneratingFilter@252c09fd, org.springframework.security.web.savedrequest.RequestCacheAwareFilter@42bc6167, org.springframework.security.web.servletapi.SecurityContextHolderAwareRequestFilter@26891206, org.springframework.security.web.authentication.AnonymousAuthenticationFilter@4d662176, org.springframework.security.web.access.ExceptionTranslationFilter@6184b083, org.springframework.security.web.access.intercept.AuthorizationFilter@1dcbf10a]
2024-03-06 14:49:31,458 [restartedMain] INFO  o.s.b.d.a.OptionalLiveReloadServer            : LiveReload server is running on port 35729
2024-03-06 14:49:31,555 [restartedMain] INFO  o.s.b.w.embedded.tomcat.TomcatWebServer       : Tomcat started on port(s): 8080 (http) with context path ''
2024-03-06 14:49:31,564 [restartedMain] INFO  com.example.simple.BadmintonApplication       : Started BadmintonApplication in 3.723 seconds (process running for 4.638)
2024-03-06 14:51:48,317 [File Watcher] INFO  o.s.b.d.a.LocalDevToolsAutoConfiguration$RestartingClassPathChangeChangedEventListener : Restarting due to 1 class path change (0 additions, 0 deletions, 1 modification)
2024-03-06 14:51:48,341 [Thread-5] INFO  o.apache.catalina.core.StandardService        : Stopping service [Tomcat]
2024-03-06 14:51:48,346 [Thread-5] INFO  o.s.o.j.LocalContainerEntityManagerFactoryBean : Closing JPA EntityManagerFactory for persistence unit 'default'
2024-03-06 14:51:48,349 [Thread-5] INFO  com.zaxxer.hikari.HikariDataSource            : HikariPool-1 - Shutdown initiated...
2024-03-06 14:51:48,355 [Thread-5] INFO  com.zaxxer.hikari.HikariDataSource            : HikariPool-1 - Shutdown completed.
2024-03-06 14:51:48,425 [restartedMain] INFO  com.example.simple.BadmintonApplication       : Starting BadmintonApplication using Java 17.0.8.1 with PID 19180 (C:\Users\EE212845\Desktop\Microservices\Badminton(Updated)\Badminton2\target\classes started by EE212845 in C:\Users\EE212845\Desktop\Microservices\Badminton(Updated)\Badminton2)
2024-03-06 14:51:48,425 [restartedMain] INFO  com.example.simple.BadmintonApplication       : No active profile set, falling back to 1 default profile: "default"
2024-03-06 14:51:48,589 [restartedMain] INFO  o.s.d.r.c.RepositoryConfigurationDelegate     : Multiple Spring Data modules found, entering strict repository configuration mode
2024-03-06 14:51:48,589 [restartedMain] INFO  o.s.d.r.c.RepositoryConfigurationDelegate     : Bootstrapping Spring Data JDBC repositories in DEFAULT mode.
2024-03-06 14:51:48,595 [restartedMain] INFO  o.s.d.r.c.RepositoryConfigurationExtensionSupport : Spring Data JDBC - Could not safely identify store assignment for repository candidate interface com.example.simple.repository.Mathchdetailsrepo; If you want this repository to be a JDBC repository, consider annotating your entities with one of these annotations: org.springframework.data.relational.core.mapping.Table.
2024-03-06 14:51:48,598 [restartedMain] INFO  o.s.d.r.c.RepositoryConfigurationExtensionSupport : Spring Data JDBC - Could not safely identify store assignment for repository candidate interface com.example.simple.repository.Payment_details_repo; If you want this repository to be a JDBC repository, consider annotating your entities with one of these annotations: org.springframework.data.relational.core.mapping.Table.
2024-03-06 14:51:48,603 [restartedMain] INFO  o.s.d.r.c.RepositoryConfigurationExtensionSupport : Spring Data JDBC - Could not safely identify store assignment for repository candidate interface com.example.simple.repository.Player_details_repo; If you want this repository to be a JDBC repository, consider annotating your entities with one of these annotations: org.springframework.data.relational.core.mapping.Table.
2024-03-06 14:51:48,606 [restartedMain] INFO  o.s.d.r.c.RepositoryConfigurationExtensionSupport : Spring Data JDBC - Could not safely identify store assignment for repository candidate interface com.example.simple.repository.UserRepository; If you want this repository to be a JDBC repository, consider annotating your entities with one of these annotations: org.springframework.data.relational.core.mapping.Table.
2024-03-06 14:51:48,607 [restartedMain] INFO  o.s.d.r.c.RepositoryConfigurationDelegate     : Finished Spring Data repository scanning in 17 ms. Found 0 JDBC repository interfaces.
2024-03-06 14:51:48,609 [restartedMain] INFO  o.s.d.r.c.RepositoryConfigurationDelegate     : Multiple Spring Data modules found, entering strict repository configuration mode
2024-03-06 14:51:48,610 [restartedMain] INFO  o.s.d.r.c.RepositoryConfigurationDelegate     : Bootstrapping Spring Data JPA repositories in DEFAULT mode.
2024-03-06 14:51:48,626 [restartedMain] INFO  o.s.d.r.c.RepositoryConfigurationDelegate     : Finished Spring Data repository scanning in 15 ms. Found 4 JPA repository interfaces.
2024-03-06 14:51:48,667 [restartedMain] INFO  o.s.c.s.PostProcessorRegistrationDelegate$BeanPostProcessorChecker : Bean 'org.springframework.ws.config.annotation.DelegatingWsConfiguration' of type [org.springframework.ws.config.annotation.DelegatingWsConfiguration$$SpringCGLIB$$0] is not eligible for getting processed by all BeanPostProcessors (for example: not eligible for auto-proxying)
2024-03-06 14:51:48,669 [restartedMain] INFO  o.s.w.s.a.s.AnnotationActionEndpointMapping   : Supporting [WS-Addressing August 2004, WS-Addressing 1.0]
2024-03-06 14:51:48,714 [restartedMain] INFO  o.s.b.w.embedded.tomcat.TomcatWebServer       : Tomcat initialized with port(s): 8080 (http)
2024-03-06 14:51:48,715 [restartedMain] INFO  o.apache.catalina.core.StandardService        : Starting service [Tomcat]
2024-03-06 14:51:48,715 [restartedMain] INFO  org.apache.catalina.core.StandardEngine       : Starting Servlet engine: [Apache Tomcat/10.1.5]
2024-03-06 14:51:48,760 [restartedMain] INFO  org.apache.jasper.servlet.TldScanner          : At least one JAR was scanned for TLDs yet contained no TLDs. Enable debug logging for this logger for a complete list of JARs that were scanned but no TLDs were found in them. Skipping unneeded JARs during scanning can improve startup time and JSP compilation time.
2024-03-06 14:51:48,760 [restartedMain] INFO  o.a.c.c.C.[Tomcat].[localhost].[/]            : Initializing Spring embedded WebApplicationContext
2024-03-06 14:51:48,760 [restartedMain] INFO  o.s.b.w.s.c.ServletWebServerApplicationContext : Root WebApplicationContext: initialization completed in 334 ms
2024-03-06 14:51:48,783 [restartedMain] INFO  o.hibernate.jpa.internal.util.LogHelper       : HHH000204: Processing PersistenceUnitInfo [name: default]
2024-03-06 14:51:48,790 [restartedMain] INFO  com.zaxxer.hikari.HikariDataSource            : HikariPool-2 - Starting...
2024-03-06 14:51:48,802 [restartedMain] INFO  com.zaxxer.hikari.pool.HikariPool             : HikariPool-2 - Added connection com.mysql.cj.jdbc.ConnectionImpl@40409a62
2024-03-06 14:51:48,802 [restartedMain] INFO  com.zaxxer.hikari.HikariDataSource            : HikariPool-2 - Start completed.
2024-03-06 14:51:48,802 [restartedMain] INFO  SQL dialect                                   : HHH000400: Using dialect: org.hibernate.dialect.MySQLDialect
2024-03-06 14:51:48,860 [restartedMain] INFO  o.h.e.t.j.p.i.JtaPlatformInitiator            : HHH000490: Using JtaPlatform implementation: [org.hibernate.engine.transaction.jta.platform.internal.NoJtaPlatform]
2024-03-06 14:51:48,860 [restartedMain] INFO  o.s.o.j.LocalContainerEntityManagerFactoryBean : Initialized JPA EntityManagerFactory for persistence unit 'default'
2024-03-06 14:51:48,965 [restartedMain] WARN  o.s.b.a.o.j.JpaBaseConfiguration$JpaWebConfiguration : spring.jpa.open-in-view is enabled by default. Therefore, database queries may be performed during view rendering. Explicitly configure spring.jpa.open-in-view to disable this warning
2024-03-06 14:51:49,012 [restartedMain] INFO  o.s.s.web.DefaultSecurityFilterChain          : Will secure any request with [org.springframework.security.web.session.DisableEncodeUrlFilter@58acffef, org.springframework.security.web.context.request.async.WebAsyncManagerIntegrationFilter@7c3dde0f, org.springframework.security.web.context.SecurityContextHolderFilter@10da359a, org.springframework.security.web.header.HeaderWriterFilter@39db04ea, org.springframework.web.filter.CorsFilter@50b253a9, org.springframework.security.web.authentication.logout.LogoutFilter@7279ed26, org.springframework.security.web.authentication.UsernamePasswordAuthenticationFilter@6815eb1e, org.springframework.security.web.authentication.ui.DefaultLoginPageGeneratingFilter@2f598c40, org.springframework.security.web.authentication.ui.DefaultLogoutPageGeneratingFilter@17b80fba, org.springframework.security.web.savedrequest.RequestCacheAwareFilter@308591ce, org.springframework.security.web.servletapi.SecurityContextHolderAwareRequestFilter@4ec42d26, org.springframework.security.web.authentication.AnonymousAuthenticationFilter@28d4d925, org.springframework.security.web.access.ExceptionTranslationFilter@7d507ded, org.springframework.security.web.access.intercept.AuthorizationFilter@55af3190]
2024-03-06 14:51:49,056 [restartedMain] INFO  o.s.b.d.a.OptionalLiveReloadServer            : LiveReload server is running on port 35729
2024-03-06 14:51:49,070 [restartedMain] INFO  o.s.b.w.embedded.tomcat.TomcatWebServer       : Tomcat started on port(s): 8080 (http) with context path ''
2024-03-06 14:51:49,073 [restartedMain] INFO  com.example.simple.BadmintonApplication       : Started BadmintonApplication in 0.678 seconds (process running for 142.145)
2024-03-06 14:51:49,075 [restartedMain] INFO  o.s.b.d.a.ConditionEvaluationDeltaLoggingListener : Condition evaluation unchanged
2024-03-06 14:52:15,214 [http-nio-8080-exec-1] INFO  o.a.c.c.C.[Tomcat].[localhost].[/]            : Initializing Spring DispatcherServlet 'dispatcherServlet'
2024-03-06 14:52:15,215 [http-nio-8080-exec-1] INFO  o.s.web.servlet.DispatcherServlet             : Initializing Servlet 'dispatcherServlet'
2024-03-06 14:52:15,217 [http-nio-8080-exec-1] INFO  o.s.web.servlet.DispatcherServlet             : Completed initialization in 1 ms
2024-03-06 16:39:41,267 [RMI TCP Connection(113)-127.0.0.1] INFO  o.s.b.a.SpringApplicationAdminMXBeanRegistrar$SpringApplicationAdmin : Application shutdown requested.
2024-03-06 16:39:41,309 [RMI TCP Connection(113)-127.0.0.1] INFO  o.apache.catalina.core.StandardService        : Stopping service [Tomcat]
2024-03-06 16:39:41,312 [RMI TCP Connection(113)-127.0.0.1] INFO  o.a.c.c.C.[Tomcat].[localhost].[/]            : Destroying Spring FrameworkServlet 'dispatcherServlet'
2024-03-06 16:39:41,331 [RMI TCP Connection(113)-127.0.0.1] INFO  o.s.o.j.LocalContainerEntityManagerFactoryBean : Closing JPA EntityManagerFactory for persistence unit 'default'
2024-03-06 16:39:41,337 [RMI TCP Connection(113)-127.0.0.1] INFO  com.zaxxer.hikari.HikariDataSource            : HikariPool-2 - Shutdown initiated...
2024-03-06 16:39:41,840 [RMI TCP Connection(113)-127.0.0.1] INFO  com.zaxxer.hikari.HikariDataSource            : HikariPool-2 - Shutdown completed.
